<?xml version="1.0" encoding="UTF-8"?>
<testng-results ignored="0" total="1" passed="1" failed="0" skipped="0">
  <reporter-output>
  </reporter-output>
  <suite started-at="2024-11-15T16:17:45 EST" name="Default suite" finished-at="2024-11-15T16:17:45 EST" duration-ms="64">
    <groups>
    </groups>
    <test started-at="2024-11-15T16:17:45 EST" name="Default test" finished-at="2024-11-15T16:17:45 EST" duration-ms="64">
      <class name="gittestingwithanna.Testgit">
        <test-method signature="Tes()[pri:0, instance:gittestingwithanna.Testgit@702b8b12]" started-at="2024-11-15T16:17:45 EST" name="Tes" finished-at="2024-11-15T16:17:45 EST" duration-ms="18" status="PASS">
          <reporter-output>
          </reporter-output>
        </test-method> <!-- Tes -->
      </class> <!-- gittestingwithanna.Testgit -->
    </test> <!-- Default test -->
  </suite> <!-- Default suite -->
</testng-results>
